<?xml version="1.0" encoding="UTF-8"?>
<testng-results ignored="0" total="1" passed="1" failed="0" skipped="0">
  <reporter-output>
  </reporter-output>
  <suite started-at="2023-03-24T13:29:22 IST" name="Default suite" finished-at="2023-03-24T13:29:22 IST" duration-ms="161">
    <groups>
    </groups>
    <test started-at="2023-03-24T13:29:22 IST" name="Default test" finished-at="2023-03-24T13:29:22 IST" duration-ms="161">
      <class name="Sample.Tejaclass">
        <test-method signature="demo()[pri:0, instance:Sample.Tejaclass@7e9131d5]" started-at="2023-03-24T13:29:22 IST" name="demo" finished-at="2023-03-24T13:29:22 IST" duration-ms="28" status="PASS">
          <reporter-output>
          </reporter-output>
        </test-method> <!-- demo -->
      </class> <!-- Sample.Tejaclass -->
    </test> <!-- Default test -->
  </suite> <!-- Default suite -->
</testng-results>
